<?xml version="1.0" encoding="UTF-8"?>
<!-- Generated by org.testng.reporters.JUnitReportReporter -->
<testsuite hostname="DESKTOP-JCJ8HOK" failures="0" tests="2" name="testcasses.PaymentManager" time="0.015" errors="0" timestamp="26 Mar 2022 12:31:10 GMT" skipped="0">
  <testcase classname="testcasses.PaymentManager" name="applyDiscount" time="0.010"/>
  <testcase classname="testcasses.PaymentManager" name="makePayment" time="0.005"/>
</testsuite> <!-- testcasses.PaymentManager -->
