<?xml version="1.0" encoding="UTF-8"?>
<!-- Generated by org.testng.reporters.JUnitReportReporter -->
<testsuite hostname="DESKTOP-JCJ8HOK" failures="0" tests="3" name="testcasses.BookingSearch" time="0.033" errors="0" timestamp="25 Mar 2022 12:39:22 GMT" skipped="0">
  <testcase classname="testcasses.BookingSearch" name="selectHotel" time="0.006"/>
  <testcase classname="testcasses.BookingSearch" name="enterGuestInfo" time="0.007"/>
  <testcase classname="testcasses.BookingSearch" name="searchHotel" time="0.020"/>
</testsuite> <!-- testcasses.BookingSearch -->
