<?xml version="1.0" encoding="UTF-8"?>
<!-- Generated by org.testng.reporters.JUnitReportReporter -->
<testsuite hostname="DESKTOP-JCJ8HOK" failures="0" tests="2" name="testcasses.PaymentManager" time="0.017" errors="0" timestamp="25 Mar 2022 12:39:22 GMT" skipped="0">
  <testcase classname="testcasses.PaymentManager" name="applyDiscount" time="0.004"/>
  <testcase classname="testcasses.PaymentManager" name="makePayment" time="0.013"/>
</testsuite> <!-- testcasses.PaymentManager -->
