<?xml version="1.0" encoding="UTF-8"?>
<!-- Generated by org.testng.reporters.JUnitReportReporter -->
<testsuite hostname="DESKTOP-JCJ8HOK" failures="0" tests="2" name="testcasses.CustomerCommunications" time="0.010" errors="0" timestamp="26 Mar 2022 12:31:10 GMT" skipped="0">
  <testcase classname="testcasses.CustomerCommunications" name="checkMobileVerification" time="0.004"/>
  <testcase classname="testcasses.CustomerCommunications" name="checkEmailVerification" time="0.006"/>
</testsuite> <!-- testcasses.CustomerCommunications -->
