<?xml version="1.0" encoding="UTF-8"?>
<!-- Generated by org.testng.reporters.JUnitReportReporter -->
<testsuite hostname="DESKTOP-JCJ8HOK" failures="0" tests="3" name="testcasses.BookingSearch" time="0.038" errors="0" timestamp="26 Mar 2022 12:31:10 GMT" skipped="0">
  <testcase classname="testcasses.BookingSearch" name="enterGuestInfo" time="0.007"/>
  <testcase classname="testcasses.BookingSearch" name="selectHotel" time="0.005"/>
  <testcase classname="testcasses.BookingSearch" name="searchHotel" time="0.026"/>
</testsuite> <!-- testcasses.BookingSearch -->
