<?xml version="1.0" encoding="UTF-8"?>
<!-- Generated by org.testng.reporters.JUnitReportReporter -->
<testsuite hostname="DESKTOP-JCJ8HOK" failures="0" tests="1" name="testcasses.Login" time="0.034" errors="0" timestamp="26 Mar 2022 11:54:02 GMT" skipped="0">
  <testcase classname="testcasses.Login" name="login" time="0.034"/>
</testsuite> <!-- testcasses.Login -->
