<?xml version="1.0" encoding="UTF-8"?>
<!-- Generated by org.testng.reporters.JUnitReportReporter -->
<testsuite hostname="DESKTOP-JCJ8HOK" failures="0" tests="6" name="com.grid.GridDemo" time="390.926" errors="0" timestamp="02 Jun 2022 12:32:41 GMT" skipped="0">
  <testcase classname="com.grid.GridDemo" name="test6" time="55.304"/>
  <testcase classname="com.grid.GridDemo" name="test3" time="55.061"/>
  <testcase classname="com.grid.GridDemo" name="test4" time="84.093"/>
  <testcase classname="com.grid.GridDemo" name="test2" time="55.504"/>
  <testcase classname="com.grid.GridDemo" name="test1" time="56.493"/>
  <testcase classname="com.grid.GridDemo" name="test5" time="84.471"/>
</testsuite> <!-- com.grid.GridDemo -->
