<?xml version="1.0" encoding="UTF-8"?>
<!-- Generated by org.testng.reporters.JUnitReportReporter -->
<testsuite hostname="DESKTOP-JCJ8HOK" failures="0" tests="2" name="excelOperations.DataManagementwithHashTable" time="0.045" errors="0" timestamp="30 Mar 2022 12:15:59 GMT" skipped="0">
  <testcase classname="excelOperations.DataManagementwithHashTable" name="f" time="0.020"/>
  <testcase classname="excelOperations.DataManagementwithHashTable" name="f" time="0.025"/>
</testsuite> <!-- excelOperations.DataManagementwithHashTable -->
