<?xml version="1.0" encoding="UTF-8"?>
<!-- Generated by org.testng.reporters.JUnitReportReporter -->
<testsuite hostname="DESKTOP-JCJ8HOK" failures="0" tests="1" name="actions.FileUpload" time="17.824" errors="0" timestamp="05 Apr 2022 12:48:46 GMT" skipped="0">
  <testcase classname="actions.FileUpload" name="fileupload" time="17.824"/>
</testsuite> <!-- actions.FileUpload -->
