<?xml version="1.0" encoding="UTF-8"?>
<!-- Generated by org.testng.reporters.JUnitReportReporter -->
<testsuite hostname="DESKTOP-JCJ8HOK" failures="0" tests="1" name="pom.POM_001" time="37.644" errors="0" timestamp="01 Apr 2022 12:19:27 GMT" skipped="0">
  <testcase classname="pom.POM_001" name="login" time="37.644"/>
</testsuite> <!-- pom.POM_001 -->
