<?xml version="1.0" encoding="UTF-8"?>
<!-- Generated by org.testng.reporters.JUnitReportReporter -->
<testsuite hostname="DESKTOP-JCJ8HOK" failures="0" tests="1" name="actions.AlertHandling" time="14.220" errors="0" timestamp="05 Apr 2022 11:52:25 GMT" skipped="0">
  <testcase classname="actions.AlertHandling" name="f" time="14.220"/>
</testsuite> <!-- actions.AlertHandling -->
