<?xml version="1.0" encoding="UTF-8"?>
<!-- Generated by org.testng.reporters.JUnitReportReporter -->
<testsuite hostname="DESKTOP-JCJ8HOK" failures="0" tests="3" name="excelOperations.DataManagementFinalVersion" time="0.050" errors="0" timestamp="30 Mar 2022 12:23:18 GMT" skipped="0">
  <testcase classname="excelOperations.DataManagementFinalVersion" name="f" time="0.032"/>
  <testcase classname="excelOperations.DataManagementFinalVersion" name="f" time="0.008"/>
  <testcase classname="excelOperations.DataManagementFinalVersion" name="f" time="0.010"/>
</testsuite> <!-- excelOperations.DataManagementFinalVersion -->
