<?xml version="1.0" encoding="UTF-8"?>
<!-- Generated by org.testng.reporters.JUnitReportReporter -->
<testsuite hostname="DESKTOP-JCJ8HOK" failures="0" tests="2" name="excelOperations.FaceBookFinalVersion" time="17.197" errors="0" timestamp="30 Mar 2022 12:36:40 GMT" skipped="1">
  <testcase classname="excelOperations.FaceBookFinalVersion" name="f" time="11.352"/>
  <testcase classname="excelOperations.FaceBookFinalVersion" name="f" time="5.845">
    <skipped/>
  </testcase> <!-- f -->
</testsuite> <!-- excelOperations.FaceBookFinalVersion -->
