<?xml version="1.0" encoding="UTF-8"?>
<!-- Generated by org.testng.reporters.JUnitReportReporter -->
<testsuite hostname="DESKTOP-JCJ8HOK" failures="0" tests="2" name="excelOperations.NewTest" time="0.041" errors="0" timestamp="30 Mar 2022 11:56:12 GMT" skipped="0">
  <testcase classname="excelOperations.NewTest" name="sampleTests" time="0.009"/>
  <testcase classname="excelOperations.NewTest" name="sampleTests" time="0.032"/>
</testsuite> <!-- excelOperations.NewTest -->
