<?xml version="1.0" encoding="UTF-8"?>
<!-- Generated by org.testng.reporters.JUnitReportReporter -->
<testsuite hostname="DESKTOP-JCJ8HOK" failures="0" tests="1" name="testcases.PortifolioManagement" time="1.580" errors="0" timestamp="23 May 2022 11:31:21 GMT" skipped="0">
  <testcase classname="testcases.PortifolioManagement" name="selectPortFolio" time="1.580"/>
</testsuite> <!-- testcases.PortifolioManagement -->
