<?xml version="1.0" encoding="UTF-8"?>
<!-- Generated by org.testng.reporters.JUnitReportReporter -->
<testsuite hostname="DESKTOP-JCJ8HOK" failures="0" tests="1" name="testcases.PortifolioManagement" time="0.000" errors="0" timestamp="20 Apr 2022 12:00:24 GMT" skipped="1">
  <testcase classname="testcases.PortifolioManagement" name="createPortifolio" time="0.000">
    <skipped/>
  </testcase> <!-- createPortifolio -->
</testsuite> <!-- testcases.PortifolioManagement -->
