<?xml version="1.0" encoding="UTF-8"?>
<!-- Generated by org.testng.reporters.JUnitReportReporter -->
<testsuite hostname="DESKTOP-JCJ8HOK" failures="0" tests="2" name="testcases.Session" time="0.022" errors="0" timestamp="12 Apr 2022 12:14:04 GMT" skipped="0">
  <testcase classname="testcases.Session" name="doLogin" time="0.013"/>
  <testcase classname="testcases.Session" name="doLogin" time="0.009"/>
</testsuite> <!-- testcases.Session -->
