<?xml version="1.0" encoding="UTF-8"?>
<!-- Generated by org.testng.reporters.JUnitReportReporter -->
<testsuite hostname="DESKTOP-JCJ8HOK" failures="0" tests="1" name="testcases.Session" time="8.751" errors="0" timestamp="13 Apr 2022 12:25:16 GMT" skipped="0">
  <testcase classname="testcases.Session" name="doLogin" time="8.751"/>
</testsuite> <!-- testcases.Session -->
